<?xml version='1.0' encoding='UTF-8'?>
<testsuite hostname="DESKTOP-2PI25S9" name="InterpreterTest" tests="11" errors="0" failures="0" skipped="0" time="0.26" timestamp="2020-12-19T23:44:11">
                     <properties>
[...]
</properties>
                     <testcase classname="InterpreterTest" name="Basic compare should return right 0 or left 0" time="0.196">
                                                 
                                               </testcase><testcase classname="InterpreterTest" name="Basic let should return 3" time="0.01">
                                                 
                                               </testcase><testcase classname="InterpreterTest" name="Basic def should return 1" time="0.008">
                                                 
                                               </testcase><testcase classname="InterpreterTest" name="Basic let* should return 11" time="0.001">
                                                 
                                               </testcase><testcase classname="InterpreterTest" name="Basic def* should return 11" time="0.001">
                                                 
                                               </testcase><testcase classname="InterpreterTest" name="Basic lazy val* should return 11" time="0.004">
                                                 
                                               </testcase><testcase classname="InterpreterTest" name="Basic product type should return (4 . 1)" time="0.003">
                                                 
                                               </testcase><testcase classname="InterpreterTest" name="Basic sum type should return ((left 1) . (right 2))" time="0.001">
                                                 
                                               </testcase><testcase classname="InterpreterTest" name="Basic recursion should return 15" time="0.004">
                                                 
                                               </testcase><testcase classname="InterpreterTest" name="Fibonacci(10) should return 55" time="0.012">
                                                 
                                               </testcase><testcase classname="InterpreterTest" name="nthPrime should return nth-prime" time="0.02">
                                                 
                                               </testcase>
                     <system-out><![CDATA[]]></system-out>
                     <system-err><![CDATA[]]></system-err>
                   </testsuite>